1778835471.137801 client started (22733): version 3.6a, socket /private/tmp/tmux-501/default, protocol 8
1778835471.137845 on Darwin 25.4.0 Darwin Kernel Version 25.4.0: Thu Mar 19 19:32:36 PDT 2026; root:xnu-12377.101.15~1/RELEASE_ARM64_T8103
1778835471.137855 using libevent 2.1.12-stable select
1778835471.138080 using utf8proc 2.11.3
1778835471.138090 using ncurses 6.5 20240427
1778835471.138104 flags are 0x10010000
1778835471.138110 socket is /private/tmp/tmux-501/default
1778835471.138120 trying connect
1778835471.138147 add peer 0x104de2a40: 7 (0x0)
1778835471.141584 sending message 111 to peer 0x104de2a40 (8 bytes)
1778835471.141602 sending message 111 to peer 0x104de2a40 (8 bytes)
1778835471.141611 sending message 101 to peer 0x104de2a40 (14 bytes)
1778835471.141618 sending message 109 to peer 0x104de2a40 (4 bytes)
1778835471.141624 sending message 102 to peer 0x104de2a40 (13 bytes)
1778835471.141628 sending message 108 to peer 0x104de2a40 (32 bytes)
1778835471.141633 sending message 112 to peer 0x104de2a40 (70 bytes)
1778835471.141640 sending message 112 to peer 0x104de2a40 (5 bytes)
1778835471.141645 sending message 112 to peer 0x104de2a40 (5 bytes)
1778835471.141650 sending message 112 to peer 0x104de2a40 (6 bytes)
1778835471.141654 sending message 112 to peer 0x104de2a40 (6 bytes)
1778835471.141659 sending message 112 to peer 0x104de2a40 (11 bytes)
1778835471.141663 sending message 112 to peer 0x104de2a40 (10 bytes)
1778835471.141668 sending message 112 to peer 0x104de2a40 (13 bytes)
1778835471.141672 sending message 112 to peer 0x104de2a40 (13 bytes)
1778835471.141677 sending message 112 to peer 0x104de2a40 (18 bytes)
1778835471.141681 sending message 112 to peer 0x104de2a40 (11 bytes)
1778835471.141685 sending message 112 to peer 0x104de2a40 (10 bytes)
1778835471.141689 sending message 112 to peer 0x104de2a40 (15 bytes)
1778835471.141693 sending message 112 to peer 0x104de2a40 (21 bytes)
1778835471.141698 sending message 112 to peer 0x104de2a40 (13 bytes)
1778835471.141702 sending message 112 to peer 0x104de2a40 (7 bytes)
1778835471.141707 sending message 112 to peer 0x104de2a40 (13 bytes)
1778835471.141711 sending message 112 to peer 0x104de2a40 (7 bytes)
1778835471.141715 sending message 112 to peer 0x104de2a40 (13 bytes)
1778835471.141719 sending message 112 to peer 0x104de2a40 (9 bytes)
1778835471.141724 sending message 112 to peer 0x104de2a40 (21 bytes)
1778835471.141728 sending message 112 to peer 0x104de2a40 (13 bytes)
1778835471.141733 sending message 112 to peer 0x104de2a40 (8 bytes)
1778835471.141737 sending message 112 to peer 0x104de2a40 (12 bytes)
1778835471.141742 sending message 112 to peer 0x104de2a40 (13 bytes)
1778835471.141746 sending message 112 to peer 0x104de2a40 (9 bytes)
1778835471.141750 sending message 112 to peer 0x104de2a40 (9 bytes)
1778835471.141754 sending message 112 to peer 0x104de2a40 (12 bytes)
1778835471.141759 sending message 112 to peer 0x104de2a40 (8 bytes)
1778835471.141763 sending message 112 to peer 0x104de2a40 (7 bytes)
1778835471.141767 sending message 112 to peer 0x104de2a40 (7 bytes)
1778835471.141771 sending message 112 to peer 0x104de2a40 (9 bytes)
1778835471.141775 sending message 112 to peer 0x104de2a40 (13 bytes)
1778835471.141780 sending message 112 to peer 0x104de2a40 (6 bytes)
1778835471.141784 sending message 112 to peer 0x104de2a40 (9 bytes)
1778835471.141788 sending message 112 to peer 0x104de2a40 (13 bytes)
1778835471.141793 sending message 112 to peer 0x104de2a40 (12 bytes)
1778835471.141797 sending message 112 to peer 0x104de2a40 (8 bytes)
1778835471.141801 sending message 112 to peer 0x104de2a40 (9 bytes)
1778835471.141806 sending message 112 to peer 0x104de2a40 (10 bytes)
1778835471.141811 sending message 112 to peer 0x104de2a40 (10 bytes)
1778835471.141815 sending message 112 to peer 0x104de2a40 (10 bytes)
1778835471.141819 sending message 112 to peer 0x104de2a40 (10 bytes)
1778835471.141823 sending message 112 to peer 0x104de2a40 (11 bytes)
1778835471.141827 sending message 112 to peer 0x104de2a40 (10 bytes)
1778835471.141831 sending message 112 to peer 0x104de2a40 (8 bytes)
1778835471.141844 sending message 112 to peer 0x104de2a40 (11 bytes)
1778835471.141847 sending message 112 to peer 0x104de2a40 (11 bytes)
1778835471.141851 sending message 112 to peer 0x104de2a40 (11 bytes)
1778835471.141854 sending message 112 to peer 0x104de2a40 (8 bytes)
1778835471.141858 sending message 112 to peer 0x104de2a40 (8 bytes)
1778835471.141861 sending message 112 to peer 0x104de2a40 (8 bytes)
1778835471.141865 sending message 112 to peer 0x104de2a40 (10 bytes)
1778835471.141868 sending message 112 to peer 0x104de2a40 (10 bytes)
1778835471.141872 sending message 112 to peer 0x104de2a40 (10 bytes)
1778835471.141876 sending message 112 to peer 0x104de2a40 (10 bytes)
1778835471.141881 sending message 112 to peer 0x104de2a40 (10 bytes)
1778835471.141885 sending message 112 to peer 0x104de2a40 (11 bytes)
1778835471.141889 sending message 112 to peer 0x104de2a40 (11 bytes)
1778835471.141892 sending message 112 to peer 0x104de2a40 (10 bytes)
1778835471.141895 sending message 112 to peer 0x104de2a40 (9 bytes)
1778835471.141899 sending message 112 to peer 0x104de2a40 (9 bytes)
1778835471.141902 sending message 112 to peer 0x104de2a40 (12 bytes)
1778835471.141906 sending message 112 to peer 0x104de2a40 (9 bytes)
1778835471.141909 sending message 112 to peer 0x104de2a40 (6 bytes)
1778835471.141913 sending message 112 to peer 0x104de2a40 (8 bytes)
1778835471.141916 sending message 112 to peer 0x104de2a40 (15 bytes)
1778835471.141920 sending message 112 to peer 0x104de2a40 (13 bytes)
1778835471.141923 sending message 112 to peer 0x104de2a40 (9 bytes)
1778835471.141926 sending message 112 to peer 0x104de2a40 (70 bytes)
1778835471.141930 sending message 112 to peer 0x104de2a40 (69 bytes)
1778835471.141933 sending message 112 to peer 0x104de2a40 (10 bytes)
1778835471.141937 sending message 112 to peer 0x104de2a40 (10 bytes)
1778835471.141940 sending message 112 to peer 0x104de2a40 (8 bytes)
1778835471.141943 sending message 112 to peer 0x104de2a40 (15 bytes)
1778835471.141947 sending message 112 to peer 0x104de2a40 (13 bytes)
1778835471.141950 sending message 112 to peer 0x104de2a40 (10 bytes)
1778835471.141953 sending message 112 to peer 0x104de2a40 (10 bytes)
1778835471.141957 sending message 112 to peer 0x104de2a40 (13 bytes)
1778835471.141960 sending message 112 to peer 0x104de2a40 (9 bytes)
1778835471.141963 sending message 112 to peer 0x104de2a40 (5 bytes)
1778835471.141967 sending message 112 to peer 0x104de2a40 (5 bytes)
1778835471.141971 sending message 104 to peer 0x104de2a40 (0 bytes)
1778835471.141975 sending message 110 to peer 0x104de2a40 (0 bytes)
1778835471.141979 sending message 107 to peer 0x104de2a40 (4 bytes)
1778835471.141982 sending message 105 to peer 0x104de2a40 (32 bytes)
1778835471.141986 sending message 105 to peer 0x104de2a40 (15 bytes)
1778835471.141989 sending message 105 to peer 0x104de2a40 (20 bytes)
1778835471.141993 sending message 105 to peer 0x104de2a40 (22 bytes)
1778835471.141996 sending message 105 to peer 0x104de2a40 (51 bytes)
1778835471.142000 sending message 105 to peer 0x104de2a40 (12 bytes)
1778835471.142003 sending message 105 to peer 0x104de2a40 (1381 bytes)
1778835471.142007 sending message 105 to peer 0x104de2a40 (57 bytes)
1778835471.142010 sending message 105 to peer 0x104de2a40 (45 bytes)
1778835471.142014 sending message 105 to peer 0x104de2a40 (88 bytes)
1778835471.142017 sending message 105 to peer 0x104de2a40 (20 bytes)
1778835471.142021 sending message 105 to peer 0x104de2a40 (37 bytes)
1778835471.142025 sending message 105 to peer 0x104de2a40 (30 bytes)
1778835471.142028 sending message 105 to peer 0x104de2a40 (34 bytes)
1778835471.142032 sending message 105 to peer 0x104de2a40 (49 bytes)
1778835471.142036 sending message 105 to peer 0x104de2a40 (60 bytes)
1778835471.142039 sending message 105 to peer 0x104de2a40 (51 bytes)
1778835471.142042 sending message 105 to peer 0x104de2a40 (22 bytes)
1778835471.142046 sending message 105 to peer 0x104de2a40 (61 bytes)
1778835471.142049 sending message 105 to peer 0x104de2a40 (40 bytes)
1778835471.142053 sending message 105 to peer 0x104de2a40 (17 bytes)
1778835471.142062 sending message 105 to peer 0x104de2a40 (19 bytes)
1778835471.142066 sending message 105 to peer 0x104de2a40 (26 bytes)
1778835471.142069 sending message 105 to peer 0x104de2a40 (8 bytes)
1778835471.142073 sending message 105 to peer 0x104de2a40 (16 bytes)
1778835471.142076 sending message 105 to peer 0x104de2a40 (32 bytes)
1778835471.142080 sending message 105 to peer 0x104de2a40 (54 bytes)
1778835471.142083 sending message 105 to peer 0x104de2a40 (223 bytes)
1778835471.142087 sending message 105 to peer 0x104de2a40 (37 bytes)
1778835471.142090 sending message 105 to peer 0x104de2a40 (51 bytes)
1778835471.142094 sending message 105 to peer 0x104de2a40 (54 bytes)
1778835471.142097 sending message 105 to peer 0x104de2a40 (16 bytes)
1778835471.142101 sending message 105 to peer 0x104de2a40 (28 bytes)
1778835471.142104 sending message 105 to peer 0x104de2a40 (63 bytes)
1778835471.142108 sending message 105 to peer 0x104de2a40 (35 bytes)
1778835471.142111 sending message 105 to peer 0x104de2a40 (18 bytes)
1778835471.142115 sending message 105 to peer 0x104de2a40 (11 bytes)
1778835471.142118 sending message 105 to peer 0x104de2a40 (1531 bytes)
1778835471.142122 sending message 105 to peer 0x104de2a40 (36 bytes)
1778835471.142126 sending message 105 to peer 0x104de2a40 (24 bytes)
1778835471.142129 sending message 105 to peer 0x104de2a40 (53 bytes)
1778835471.142132 sending message 105 to peer 0x104de2a40 (30 bytes)
1778835471.142136 sending message 105 to peer 0x104de2a40 (32 bytes)
1778835471.142140 sending message 105 to peer 0x104de2a40 (24 bytes)
1778835471.142143 sending message 105 to peer 0x104de2a40 (15 bytes)
1778835471.142146 sending message 105 to peer 0x104de2a40 (8 bytes)
1778835471.142150 sending message 105 to peer 0x104de2a40 (62 bytes)
1778835471.142154 sending message 105 to peer 0x104de2a40 (19 bytes)
1778835471.142157 sending message 105 to peer 0x104de2a40 (86 bytes)
1778835471.142161 sending message 105 to peer 0x104de2a40 (45 bytes)
1778835471.142164 sending message 105 to peer 0x104de2a40 (18 bytes)
1778835471.142168 sending message 105 to peer 0x104de2a40 (26 bytes)
1778835471.142171 sending message 105 to peer 0x104de2a40 (60 bytes)
1778835471.142175 sending message 105 to peer 0x104de2a40 (57 bytes)
1778835471.142178 sending message 105 to peer 0x104de2a40 (42 bytes)
1778835471.142182 sending message 105 to peer 0x104de2a40 (13 bytes)
1778835471.142185 sending message 105 to peer 0x104de2a40 (55 bytes)
1778835471.142189 sending message 105 to peer 0x104de2a40 (64 bytes)
1778835471.142192 sending message 105 to peer 0x104de2a40 (13 bytes)
1778835471.142196 sending message 105 to peer 0x104de2a40 (14 bytes)
1778835471.142199 sending message 105 to peer 0x104de2a40 (19 bytes)
1778835471.142203 sending message 105 to peer 0x104de2a40 (30 bytes)
1778835471.142206 sending message 105 to peer 0x104de2a40 (43 bytes)
1778835471.142209 sending message 105 to peer 0x104de2a40 (32 bytes)
1778835471.142213 sending message 105 to peer 0x104de2a40 (50 bytes)
1778835471.142216 sending message 105 to peer 0x104de2a40 (50 bytes)
1778835471.142219 sending message 105 to peer 0x104de2a40 (48 bytes)
1778835471.142222 sending message 105 to peer 0x104de2a40 (50 bytes)
1778835471.142226 sending message 105 to peer 0x104de2a40 (46 bytes)
1778835471.142229 sending message 105 to peer 0x104de2a40 (37 bytes)
1778835471.142232 sending message 105 to peer 0x104de2a40 (29 bytes)
1778835471.142235 sending message 105 to peer 0x104de2a40 (26 bytes)
1778835471.142239 sending message 105 to peer 0x104de2a40 (34 bytes)
1778835471.142242 sending message 105 to peer 0x104de2a40 (17 bytes)
1778835471.142246 sending message 105 to peer 0x104de2a40 (20 bytes)
1778835471.142249 sending message 105 to peer 0x104de2a40 (14 bytes)
1778835471.142252 sending message 105 to peer 0x104de2a40 (15 bytes)
1778835471.142256 sending message 105 to peer 0x104de2a40 (27 bytes)
1778835471.142259 sending message 105 to peer 0x104de2a40 (18 bytes)
1778835471.142262 sending message 105 to peer 0x104de2a40 (14 bytes)
1778835471.142269 sending message 105 to peer 0x104de2a40 (18 bytes)
1778835471.142273 sending message 105 to peer 0x104de2a40 (20 bytes)
1778835471.142276 sending message 105 to peer 0x104de2a40 (23 bytes)
1778835471.142280 sending message 105 to peer 0x104de2a40 (11 bytes)
1778835471.142283 sending message 105 to peer 0x104de2a40 (16 bytes)
1778835471.142286 sending message 105 to peer 0x104de2a40 (15 bytes)
1778835471.142290 sending message 105 to peer 0x104de2a40 (15 bytes)
1778835471.142293 sending message 105 to peer 0x104de2a40 (15 bytes)
1778835471.142296 sending message 105 to peer 0x104de2a40 (23 bytes)
1778835471.142300 sending message 105 to peer 0x104de2a40 (15 bytes)
1778835471.142303 sending message 105 to peer 0x104de2a40 (17 bytes)
1778835471.142306 sending message 105 to peer 0x104de2a40 (9 bytes)
1778835471.142309 sending message 105 to peer 0x104de2a40 (17 bytes)
1778835471.142313 sending message 105 to peer 0x104de2a40 (14 bytes)
1778835471.142317 sending message 105 to peer 0x104de2a40 (10 bytes)
1778835471.142320 sending message 105 to peer 0x104de2a40 (25 bytes)
1778835471.142324 sending message 106 to peer 0x104de2a40 (0 bytes)
1778835471.142371 sending message 200 to peer 0x104de2a40 (4 bytes)
1778835471.142377 client loop enter
1778835471.143635 peer 0x104de2a40 message 303
1778835471.143648 open write file 2 -
1778835471.143659 sending message 305 to peer 0x104de2a40 (8 bytes)
1778835471.143674 write check file 2
1778835471.143691 peer 0x104de2a40 message 304
1778835471.143695 write 58 to file 2
1778835471.143700 peer 0x104de2a40 message 203
1778835471.143704 file 2 58 bytes left
1778835471.143717 write check file 2
1778835471.143723 client loop exit
