BridgeMac: QWebChannel Create Success
bridgeLocation inited before vue
/leaf, token: pk.eyJ1Ijoiemh1angxIiwiYSI6ImNsNHMxYTNtbjA0ajczY3RhbzVsbWhjNGwifQ.RYM9eqc-dZAxaV25QU9WGg, leafletToken: pk.eyJ1Ijoiemh1angxIiwiYSI6ImNsNHMxYTNtbjA0ajczY3RhbzVsbWhjNGwifQ.RYM9eqc-dZAxaV25QU9WGg
地图初始化 ---START--- file:///Users/eashanc/Library/Application%20Support/DrFoneApps/com.wondershare.drfonemac.virtuallocation/dr.fone-Virtual%20Location.app/Contents/MacOS/Map/dist/index.html?lang=en#/leaf
BridgeMac: QWebChannel Create Success
bridgeLocation inited before vue
/gmap, token: AIzaSyCLSVM-ow0jO7536XumbJpu0tBK-k0pzp8, leafletToken: pk.eyJ1Ijoiemh1angxIiwiYSI6ImNsNHMxYTNtbjA0ajczY3RhbzVsbWhjNGwifQ.RYM9eqc-dZAxaV25QU9WGg
地图初始化 ---START--- file:///Users/eashanc/Library/Application%20Support/DrFoneApps/com.wondershare.drfonemac.virtuallocation/dr.fone-Virtual%20Location.app/Contents/MacOS/Map/dist/index.html?lang=en#/gmap
BridgeMac: QWebChannel Create Success
bridgeLocation inited before vue
/leaf, token: pk.eyJ1Ijoiemh1angxIiwiYSI6ImNsNHMxYTNtbjA0ajczY3RhbzVsbWhjNGwifQ.RYM9eqc-dZAxaV25QU9WGg, leafletToken: pk.eyJ1Ijoiemh1angxIiwiYSI6ImNsNHMxYTNtbjA0ajczY3RhbzVsbWhjNGwifQ.RYM9eqc-dZAxaV25QU9WGg
地图初始化 ---START--- file:///Users/eashanc/Library/Application%20Support/DrFoneApps/com.wondershare.drfonemac.virtuallocation/dr.fone-Virtual%20Location.app/Contents/MacOS/Map/dist/index.html?lang=en#/leaf
BridgeMac: QWebChannel Create Success
bridgeLocation inited before vue
/leaf, token: pk.eyJ1Ijoiemh1angxIiwiYSI6ImNsNHMxYTNtbjA0ajczY3RhbzVsbWhjNGwifQ.RYM9eqc-dZAxaV25QU9WGg, leafletToken: pk.eyJ1Ijoiemh1angxIiwiYSI6ImNsNHMxYTNtbjA0ajczY3RhbzVsbWhjNGwifQ.RYM9eqc-dZAxaV25QU9WGg
地图初始化 ---START--- file:///Users/eashanc/Library/Application%20Support/DrFoneApps/com.wondershare.drfonemac.virtuallocation/dr.fone-Virtual%20Location.app/Contents/MacOS/Map/dist/index.html?lang=en#/leaf
BridgeMac: QWebChannel Create Success
bridgeLocation inited before vue
/leaf, token: pk.eyJ1Ijoiemh1angxIiwiYSI6ImNsNHMxYTNtbjA0ajczY3RhbzVsbWhjNGwifQ.RYM9eqc-dZAxaV25QU9WGg, leafletToken: pk.eyJ1Ijoiemh1angxIiwiYSI6ImNsNHMxYTNtbjA0ajczY3RhbzVsbWhjNGwifQ.RYM9eqc-dZAxaV25QU9WGg
地图初始化 ---START--- file:///Users/eashanc/Library/Application%20Support/DrFoneApps/com.wondershare.drfonemac.virtuallocation/dr.fone-Virtual%20Location.app/Contents/MacOS/Map/dist/index.html?lang=en#/leaf
